  Engine.cpp
C:\Users\danie\Documents\GitHub\Game-Engine-Using-Exclusively-SFML-Stuff\TimingSystem.h(15,28): warning C4244: 'return': conversion from 'float' to 'int', possible loss of data
  (compiling source file 'Engine.cpp')
  
C:\Users\danie\Documents\GitHub\Game-Engine-Using-Exclusively-SFML-Stuff\Engine.cpp(24,29): warning C4244: 'initializing': conversion from 'int' to 'float', possible loss of data
  InstanceManager.cpp
C:\Users\danie\Documents\GitHub\Game-Engine-Using-Exclusively-SFML-Stuff\TimingSystem.h(15,28): warning C4244: 'return': conversion from 'float' to 'int', possible loss of data
  (compiling source file 'InstanceManager.cpp')
  
C:\Users\danie\Documents\GitHub\Game-Engine-Using-Exclusively-SFML-Stuff\InstanceManager.cpp(53,20): warning C4101: 'e': unreferenced local variable
C:\Users\danie\Documents\GitHub\Game-Engine-Using-Exclusively-SFML-Stuff\InstanceManager.cpp(70,20): warning C4101: 'e': unreferenced local variable
C:\Users\danie\Documents\GitHub\Game-Engine-Using-Exclusively-SFML-Stuff\InstanceManager.cpp(85,20): warning C4101: 'e': unreferenced local variable
  SceneManager.cpp
  Source.cpp
C:\Users\danie\Documents\GitHub\Game-Engine-Using-Exclusively-SFML-Stuff\TimingSystem.h(15,28): warning C4244: 'return': conversion from 'float' to 'int', possible loss of data
  (compiling source file 'Source.cpp')
  
  WindowManager.cpp
C:\Users\danie\Documents\GitHub\Game-Engine-Using-Exclusively-SFML-Stuff\WindowManager.cpp(45,20): warning C4101: 'e': unreferenced local variable
C:\Users\danie\Documents\GitHub\Game-Engine-Using-Exclusively-SFML-Stuff\WindowManager.cpp(72,20): warning C4101: 'e': unreferenced local variable
  Generating Code...
C:\Users\danie\Documents\GitHub\Game-Engine-Using-Exclusively-SFML-Stuff\WindowManager.cpp(75,1): warning C4715: 'GUESS::core::WindowManager::DestroyWindow': not all control paths return a value
C:\Users\danie\Documents\GitHub\Game-Engine-Using-Exclusively-SFML-Stuff\InstanceManager.cpp(73,1): warning C4715: 'GUESS::core::InstanceManager::destroyInstance': not all control paths return a value
C:\Users\danie\Documents\GitHub\Game-Engine-Using-Exclusively-SFML-Stuff\InstanceManager.cpp(88,1): warning C4715: 'GUESS::core::InstanceManager::pauseInstance': not all control paths return a value
  Game-engine Using Excluseivelly SFML Stuff.vcxproj -> C:\Users\danie\Documents\GitHub\Game-Engine-Using-Exclusively-SFML-Stuff\x64\Debug\Game-engine Using Excluseivelly SFML Stuff.exe
